<?xml version="1.0" encoding="UTF-8"?>
<testng-results ignored="0" total="2" passed="2" failed="0" skipped="0">
  <reporter-output>
  </reporter-output>
  <suite started-at="2021-12-02T14:01:29 IST" name="Suite" finished-at="2021-12-02T14:01:48 IST" duration-ms="18664">
    <groups>
    </groups>
    <test started-at="2021-12-02T14:01:29 IST" name="Test" finished-at="2021-12-02T14:01:48 IST" duration-ms="18664">
      <class name="Test.pack.Toverifygroww">
        <test-method is-config="true" signature="launchBrowser(java.lang.String)[pri:0, instance:Test.pack.Toverifygroww@152aa092]" started-at="2021-12-02T14:01:29 IST" name="launchBrowser" finished-at="2021-12-02T14:01:32 IST" duration-ms="3284" status="PASS">
          <params>
            <param index="0">
              <value>
                <![CDATA[Chrome]]>
              </value>
            </param>
          </params>
          <reporter-output>
          </reporter-output>
        </test-method> <!-- launchBrowser -->
        <test-method is-config="true" signature="openBrowser()[pri:0, instance:Test.pack.Toverifygroww@152aa092]" started-at="2021-12-02T14:01:32 IST" name="openBrowser" finished-at="2021-12-02T14:01:34 IST" duration-ms="1377" status="PASS">
          <reporter-output>
          </reporter-output>
        </test-method> <!-- openBrowser -->
        <test-method is-config="true" signature="loginToGroww()[pri:0, instance:Test.pack.Toverifygroww@152aa092]" started-at="2021-12-02T14:01:34 IST" name="loginToGroww" finished-at="2021-12-02T14:01:38 IST" duration-ms="3676" status="PASS">
          <reporter-output>
          </reporter-output>
        </test-method> <!-- loginToGroww -->
        <test-method signature="clickOnMyWatchlist()[pri:0, instance:Test.pack.Toverifygroww@152aa092]" started-at="2021-12-02T14:01:38 IST" name="clickOnMyWatchlist" finished-at="2021-12-02T14:01:41 IST" duration-ms="3382" status="PASS">
          <reporter-output>
          </reporter-output>
        </test-method> <!-- clickOnMyWatchlist -->
        <test-method is-config="true" signature="thelogoutGroww()[pri:0, instance:Test.pack.Toverifygroww@152aa092]" started-at="2021-12-02T14:01:41 IST" name="thelogoutGroww" finished-at="2021-12-02T14:01:41 IST" duration-ms="476" status="PASS">
          <reporter-output>
          </reporter-output>
        </test-method> <!-- thelogoutGroww -->
        <test-method is-config="true" signature="loginToGroww()[pri:0, instance:Test.pack.Toverifygroww@152aa092]" started-at="2021-12-02T14:01:41 IST" name="loginToGroww" finished-at="2021-12-02T14:01:45 IST" duration-ms="3928" status="PASS">
          <reporter-output>
          </reporter-output>
        </test-method> <!-- loginToGroww -->
        <test-method signature="verifyExplorebtn()[pri:0, instance:Test.pack.Toverifygroww@152aa092]" started-at="2021-12-02T14:01:45 IST" name="verifyExplorebtn" finished-at="2021-12-02T14:01:46 IST" duration-ms="688" status="PASS">
          <reporter-output>
          </reporter-output>
        </test-method> <!-- verifyExplorebtn -->
        <test-method is-config="true" signature="thelogoutGroww()[pri:0, instance:Test.pack.Toverifygroww@152aa092]" started-at="2021-12-02T14:01:46 IST" name="thelogoutGroww" finished-at="2021-12-02T14:01:47 IST" duration-ms="740" status="PASS">
          <reporter-output>
          </reporter-output>
        </test-method> <!-- thelogoutGroww -->
        <test-method is-config="true" signature="afterClass()[pri:0, instance:Test.pack.Toverifygroww@152aa092]" started-at="2021-12-02T14:01:47 IST" name="afterClass" finished-at="2021-12-02T14:01:47 IST" duration-ms="0" status="PASS">
          <reporter-output>
          </reporter-output>
        </test-method> <!-- afterClass -->
        <test-method is-config="true" signature="closeBrowser()[pri:0, instance:Test.pack.Toverifygroww@152aa092]" started-at="2021-12-02T14:01:47 IST" name="closeBrowser" finished-at="2021-12-02T14:01:48 IST" duration-ms="997" status="PASS">
          <reporter-output>
          </reporter-output>
        </test-method> <!-- closeBrowser -->
      </class> <!-- Test.pack.Toverifygroww -->
    </test> <!-- Test -->
  </suite> <!-- Suite -->
</testng-results>
